F:\工作\手机外壳算法\ECGDETECTOR\DEBUG\ECGDETECTOR.EXE
F:\工作\手机外壳算法\ECGDETECTOR\DEBUG\ECGDETECTOR.ILK
F:\工作\手机外壳算法\ECGDETECTOR\DEBUG\ECGDETECTOR.PDB
F:\工作\手机外壳算法\ECGDETECTOR\ECGDETECTOR\DEBUG\BDAC.OBJ
F:\工作\手机外壳算法\ECGdetector\ECGdetector\Debug\cl.command.1.tlog
F:\工作\手机外壳算法\ECGdetector\ECGdetector\Debug\CL.read.1.tlog
F:\工作\手机外壳算法\ECGdetector\ECGdetector\Debug\CL.write.1.tlog
F:\工作\手机外壳算法\ECGDETECTOR\ECGDETECTOR\DEBUG\ECGDETECTOR.EXE.EMBED.MANIFEST
F:\工作\手机外壳算法\ECGDETECTOR\ECGDETECTOR\DEBUG\ECGDETECTOR.EXE.EMBED.MANIFEST.RES
F:\工作\手机外壳算法\ECGDETECTOR\ECGDETECTOR\DEBUG\ECGDETECTOR.EXE.INTERMEDIATE.MANIFEST
F:\工作\手机外壳算法\ECGDETECTOR\ECGDETECTOR\DEBUG\ECGDETECTOR.OBJ
F:\工作\手机外壳算法\ECGDETECTOR\ECGDETECTOR\DEBUG\ECGDETECTOR.PCH
F:\工作\手机外壳算法\ECGdetector\ECGdetector\Debug\ECGdetector_manifest.rc
F:\工作\手机外壳算法\ECGDETECTOR\ECGDETECTOR\DEBUG\FILTER.OBJ
F:\工作\手机外壳算法\ECGdetector\ECGdetector\Debug\link.3608.read.1.tlog
F:\工作\手机外壳算法\ECGdetector\ECGdetector\Debug\link.3608.write.1.tlog
F:\工作\手机外壳算法\ECGdetector\ECGdetector\Debug\link.3608-cvtres.read.1.tlog
F:\工作\手机外壳算法\ECGdetector\ECGdetector\Debug\link.3608-cvtres.write.1.tlog
F:\工作\手机外壳算法\ECGdetector\ECGdetector\Debug\link.command.1.tlog
F:\工作\手机外壳算法\ECGdetector\ECGdetector\Debug\link.read.1.tlog
F:\工作\手机外壳算法\ECGdetector\ECGdetector\Debug\link.write.1.tlog
F:\工作\手机外壳算法\ECGdetector\ECGdetector\Debug\link-cvtres.read.1.tlog
F:\工作\手机外壳算法\ECGdetector\ECGdetector\Debug\link-cvtres.write.1.tlog
F:\工作\手机外壳算法\ECGdetector\ECGdetector\Debug\mt.command.1.tlog
F:\工作\手机外壳算法\ECGdetector\ECGdetector\Debug\mt.read.1.tlog
F:\工作\手机外壳算法\ECGdetector\ECGdetector\Debug\mt.write.1.tlog
F:\工作\手机外壳算法\ECGDETECTOR\ECGDETECTOR\DEBUG\QRSDET.OBJ
F:\工作\手机外壳算法\ECGDETECTOR\ECGDETECTOR\DEBUG\QRSFILT.OBJ
F:\工作\手机外壳算法\ECGdetector\ECGdetector\Debug\rc.command.1.tlog
F:\工作\手机外壳算法\ECGdetector\ECGdetector\Debug\rc.read.1.tlog
F:\工作\手机外壳算法\ECGdetector\ECGdetector\Debug\rc.write.1.tlog
F:\工作\手机外壳算法\ECGDETECTOR\ECGDETECTOR\DEBUG\STDAFX.OBJ
F:\工作\手机外壳算法\ECGdetector\ECGdetector\Debug\vc100.idb
F:\工作\手机外壳算法\ECGDETECTOR\ECGDETECTOR\DEBUG\VC100.PDB
