生成启动时间为 2015/6/8 14:44:22。
     1>项目“F:\工作\手机外壳算法\ECGdetector\ECGdetector\ECGdetector.vcxproj”在节点 2 上(build 个目标)。
     1>InitializeBuildStatus:
         正在创建“Debug\ECGdetector.unsuccessfulbuild”，因为已指定“AlwaysCreate”。
       ClCompile:
         所有输出均为最新。
         D:\Program Files (x86)\Microsoft Visual Studio 10.0\VC\bin\CL.exe /c /ZI /nologo /W3 /WX- /Od /Oy- /D WIN32 /D _DEBUG /D _CONSOLE /D _UNICODE /D UNICODE /Gm /EHsc /RTC1 /MDd /GS /fp:precise /Zc:wchar_t /Zc:forScope /Yu"StdAfx.h" /Fp"Debug\ECGdetector.pch" /Fo"Debug\\" /Fd"Debug\vc100.pdb" /Gd /TP /analyze- /errorReport:prompt ECGdetector.cpp
         ECGdetector.cpp
     1>f:\工作\手机外壳算法\ecgdetector\ecgdetector\ecgdetector.cpp(66): warning C4996: 'fopen': This function or variable may be unsafe. Consider using fopen_s instead. To disable deprecation, use _CRT_SECURE_NO_WARNINGS. See online help for details.
                 d:\program files (x86)\microsoft visual studio 10.0\vc\include\stdio.h(234) : 参见“fopen”的声明
     1>f:\工作\手机外壳算法\ecgdetector\ecgdetector\ecgdetector.cpp(80): warning C4996: 'fopen': This function or variable may be unsafe. Consider using fopen_s instead. To disable deprecation, use _CRT_SECURE_NO_WARNINGS. See online help for details.
                 d:\program files (x86)\microsoft visual studio 10.0\vc\include\stdio.h(234) : 参见“fopen”的声明
     1>f:\工作\手机外壳算法\ecgdetector\ecgdetector\ecgdetector.cpp(130): warning C4996: 'fopen': This function or variable may be unsafe. Consider using fopen_s instead. To disable deprecation, use _CRT_SECURE_NO_WARNINGS. See online help for details.
                 d:\program files (x86)\microsoft visual studio 10.0\vc\include\stdio.h(234) : 参见“fopen”的声明
     1>f:\工作\手机外壳算法\ecgdetector\ecgdetector\ecgdetector.cpp(139): warning C4996: 'fscanf': This function or variable may be unsafe. Consider using fscanf_s instead. To disable deprecation, use _CRT_SECURE_NO_WARNINGS. See online help for details.
                 d:\program files (x86)\microsoft visual studio 10.0\vc\include\stdio.h(253) : 参见“fscanf”的声明
     1>f:\工作\手机外壳算法\ecgdetector\ecgdetector\ecgdetector.cpp(114): warning C4101: “line”: 未引用的局部变量
       ManifestResourceCompile:
         所有输出均为最新。
       Link:
         D:\Program Files (x86)\Microsoft Visual Studio 10.0\VC\bin\link.exe /ERRORREPORT:PROMPT /OUT:"F:\工作\手机外壳算法\ECGdetector\Debug\ECGdetector.exe" /INCREMENTAL /NOLOGO kernel32.lib user32.lib gdi32.lib winspool.lib comdlg32.lib advapi32.lib shell32.lib ole32.lib oleaut32.lib uuid.lib odbc32.lib odbccp32.lib /MANIFEST /ManifestFile:"Debug\ECGdetector.exe.intermediate.manifest" /MANIFESTUAC:"level='asInvoker' uiAccess='false'" /DEBUG /PDB:"F:\工作\手机外壳算法\ECGdetector\Debug\ECGdetector.pdb" /SUBSYSTEM:CONSOLE /TLBID:1 /DYNAMICBASE /NXCOMPAT /IMPLIB:"F:\工作\手机外壳算法\ECGdetector\Debug\ECGdetector.lib" /MACHINE:X86 Debug\ECGdetector.exe.embed.manifest.res
         Debug\BDAC.obj
         Debug\ECGdetector.obj
         Debug\filter.obj
         Debug\QRSDET.obj
         Debug\QRSFILT.obj
         Debug\stdafx.obj
       Manifest:
         C:\Program Files (x86)\Microsoft SDKs\Windows\v7.0A\bin\mt.exe /nologo /verbose /out:"Debug\ECGdetector.exe.embed.manifest" /manifest Debug\ECGdetector.exe.intermediate.manifest
         所有输出均为最新。
       LinkEmbedManifest:
         所有输出均为最新。
         ECGdetector.vcxproj -> F:\工作\手机外壳算法\ECGdetector\Debug\ECGdetector.exe
       FinalizeBuildStatus:
         正在删除文件“Debug\ECGdetector.unsuccessfulbuild”。
         正在对“Debug\ECGdetector.lastbuildstate”执行 Touch 任务。
     1>已完成生成项目“F:\工作\手机外壳算法\ECGdetector\ECGdetector\ECGdetector.vcxproj”(build 个目标)的操作。

生成成功。

已用时间 00:00:02.30
